app/build/outputs/logs/manifest-merger-debug-report.txt
-- Merging decision tree log ---
manifest
ADDED from src\main\AndroidManifest.xml:19:1-292:12
	package
		ADDED from src\main\AndroidManifest.xml:19:70-99
		INJECTED from src\main\AndroidManifest.xml
		INJECTED from src\main\AndroidManifest.xml
	xmlns:android
		ADDED from src\main\AndroidManifest.xml:19:11-69
original-package
ADDED from src\main\AndroidManifest.xml:21:5-60
	android:name
		ADDED from src\main\AndroidManifest.xml:21:23-57
uses-sdk
ADDED from src\main\AndroidManifest.xml:23:5-24:41
MERGED from [com.android.support:cardview-v7:21.0.3] AndroidManifest.xml:15:5-42
MERGED from [com.android.support:support-v4:23.1.1] AndroidManifest.xml:20:5-43
MERGED from [com.android.support:support-v13:23.1.1] AndroidManifest.xml:20:5-44
MERGED from [com.android.support:support-v4:23.1.1] AndroidManifest.xml:20:5-43
	android:targetSdkVersion
		ADDED from src\main\AndroidManifest.xml:24:9-38
		INJECTED from src\main\AndroidManifest.xml
		INJECTED from src\main\AndroidManifest.xml
	android:minSdkVersion
		ADDED from src\main\AndroidManifest.xml:23:15-41
		INJECTED from src\main\AndroidManifest.xml
		INJECTED from src\main\AndroidManifest.xml
uses-feature#android.software.leanback
ADDED from src\main\AndroidManifest.xml:26:5-27:32
	android:required
		ADDED from src\main\AndroidManifest.xml:27:5-29
	android:name
		ADDED from src\main\AndroidManifest.xml:26:19-59
uses-feature#android.hardware.touchscreen
ADDED from src\main\AndroidManifest.xml:29:5-30:32
	android:required
		ADDED from src\main\AndroidManifest.xml:30:5-29
	android:name
		ADDED from src\main\AndroidManifest.xml:29:19-62
uses-feature#android.hardware.screen.portrait
ADDED from src\main\AndroidManifest.xml:32:5-33:32
	android:required
		ADDED from src\main\AndroidManifest.xml:33:5-29
	android:name
		ADDED from src\main\AndroidManifest.xml:32:19-66
permission#com.android.browser.permission.PRELOAD
ADDED from src\main\AndroidManifest.xml:35:5-37:55
	android:label
		ADDED from src\main\AndroidManifest.xml:36:9-57
	android:protectionLevel
		ADDED from src\main\AndroidManifest.xml:37:9-52
	android:name
		ADDED from src\main\AndroidManifest.xml:35:17-70
uses-permission#android.permission.ACCESS_COARSE_LOCATION
ADDED from src\main\AndroidManifest.xml:39:5-80
	android:name
		ADDED from src\main\AndroidManifest.xml:39:22-78
uses-permission#android.permission.ACCESS_DOWNLOAD_MANAGER
ADDED from src\main\AndroidManifest.xml:40:5-81
	android:name
		ADDED from src\main\AndroidManifest.xml:40:22-79
uses-permission#android.permission.ACCESS_FINE_LOCATION
ADDED from src\main\AndroidManifest.xml:41:5-78
	android:name
		ADDED from src\main\AndroidManifest.xml:41:22-76
uses-permission#android.permission.ACCESS_NETWORK_STATE
ADDED from src\main\AndroidManifest.xml:42:5-78
	android:name
		ADDED from src\main\AndroidManifest.xml:42:22-76
uses-permission#android.permission.ACCESS_WIFI_STATE
ADDED from src\main\AndroidManifest.xml:43:5-75
	android:name
		ADDED from src\main\AndroidManifest.xml:43:22-73
uses-permission#android.permission.GET_ACCOUNTS
ADDED from src\main\AndroidManifest.xml:44:5-70
	android:name
		ADDED from src\main\AndroidManifest.xml:44:22-68
uses-permission#android.permission.USE_CREDENTIALS
ADDED from src\main\AndroidManifest.xml:45:5-73
	android:name
		ADDED from src\main\AndroidManifest.xml:45:22-71
uses-permission#android.permission.INTERNET
ADDED from src\main\AndroidManifest.xml:46:5-67
	android:name
		ADDED from src\main\AndroidManifest.xml:46:22-64
uses-permission#android.permission.NFC
ADDED from src\main\AndroidManifest.xml:47:5-62
	android:name
		ADDED from src\main\AndroidManifest.xml:47:22-59
uses-permission#android.permission.SEND_DOWNLOAD_COMPLETED_INTENTS
ADDED from src\main\AndroidManifest.xml:48:5-90
	android:name
		ADDED from src\main\AndroidManifest.xml:48:22-87
uses-permission#android.permission.SET_WALLPAPER
ADDED from src\main\AndroidManifest.xml:49:5-72
	android:name
		ADDED from src\main\AndroidManifest.xml:49:22-69
uses-permission#android.permission.WAKE_LOCK
ADDED from src\main\AndroidManifest.xml:50:5-67
	android:name
		ADDED from src\main\AndroidManifest.xml:50:22-65
uses-permission#android.permission.WRITE_EXTERNAL_STORAGE
ADDED from src\main\AndroidManifest.xml:51:5-81
	android:name
		ADDED from src\main\AndroidManifest.xml:51:22-78
uses-permission#android.permission.WRITE_SETTINGS
ADDED from src\main\AndroidManifest.xml:52:5-73
	android:name
		ADDED from src\main\AndroidManifest.xml:52:22-70
uses-permission#android.permission.READ_SYNC_SETTINGS
ADDED from src\main\AndroidManifest.xml:53:5-77
	android:name
		ADDED from src\main\AndroidManifest.xml:53:22-74
uses-permission#android.permission.WRITE_SYNC_SETTINGS
ADDED from src\main\AndroidManifest.xml:54:5-78
	android:name
		ADDED from src\main\AndroidManifest.xml:54:22-75
uses-permission#android.permission.MANAGE_ACCOUNTS
ADDED from src\main\AndroidManifest.xml:55:5-74
	android:name
		ADDED from src\main\AndroidManifest.xml:55:22-71
uses-permission#android.permission.READ_PROFILE
ADDED from src\main\AndroidManifest.xml:56:5-71
	android:name
		ADDED from src\main\AndroidManifest.xml:56:22-68
uses-permission#android.permission.READ_CONTACTS
ADDED from src\main\AndroidManifest.xml:57:5-72
	android:name
		ADDED from src\main\AndroidManifest.xml:57:22-69
uses-permission#com.android.browser.permission.READ_HISTORY_BOOKMARKS
ADDED from src\main\AndroidManifest.xml:58:5-92
	android:name
		ADDED from src\main\AndroidManifest.xml:58:22-90
uses-permission#com.android.browser.permission.WRITE_HISTORY_BOOKMARKS
ADDED from src\main\AndroidManifest.xml:59:5-93
	android:name
		ADDED from src\main\AndroidManifest.xml:59:22-91
uses-permission#com.android.launcher.permission.INSTALL_SHORTCUT
ADDED from src\main\AndroidManifest.xml:60:5-87
	android:name
		ADDED from src\main\AndroidManifest.xml:60:22-85
uses-permission#android.permission.RECORD_AUDIO
ADDED from src\main\AndroidManifest.xml:61:5-70
	android:name
		ADDED from src\main\AndroidManifest.xml:61:22-68
uses-permission#android.permission.CAMERA
ADDED from src\main\AndroidManifest.xml:62:5-64
	android:name
		ADDED from src\main\AndroidManifest.xml:62:22-62
uses-permission#android.permission.MODIFY_AUDIO_SETTINGS
ADDED from src\main\AndroidManifest.xml:63:5-79
	android:name
		ADDED from src\main\AndroidManifest.xml:63:22-77
application
ADDED from src\main\AndroidManifest.xml:65:5-290:19
MERGED from [com.android.support:cardview-v7:21.0.3] AndroidManifest.xml:16:5-19
MERGED from [com.android.support:support-v4:23.1.1] AndroidManifest.xml:22:5-20
MERGED from [com.android.support:support-v13:23.1.1] AndroidManifest.xml:22:5-20
MERGED from [com.android.support:support-v4:23.1.1] AndroidManifest.xml:22:5-20
	android:backupAgent
		ADDED from src\main\AndroidManifest.xml:69:20-61
	android:label
		ADDED from src\main\AndroidManifest.xml:66:20-60
	android:supportsRtl
		ADDED from src\main\AndroidManifest.xml:73:20-46
	android:hardwareAccelerated
		ADDED from src\main\AndroidManifest.xml:70:20-54
	android:icon
		ADDED from src\main\AndroidManifest.xml:67:20-62
	android:banner
		ADDED from src\main\AndroidManifest.xml:68:20-53
	android:taskAffinity
		ADDED from src\main\AndroidManifest.xml:71:20-63
	android:name
		ADDED from src\main\AndroidManifest.xml:65:20-42
	android:usesCleartextTraffic
		ADDED from src\main\AndroidManifest.xml:72:20-55
provider#com.android.browser.provider.BrowserProvider2
ADDED from src\main\AndroidManifest.xml:75:9-84:20
	android:readPermission
		ADDED from src\main\AndroidManifest.xml:80:19-97
	android:authorities
		ADDED from src\main\AndroidManifest.xml:76:19-79
	android:multiprocess
		ADDED from src\main\AndroidManifest.xml:77:19-47
	android:exported
		ADDED from src\main\AndroidManifest.xml:78:19-42
	android:theme
		ADDED from src\main\AndroidManifest.xml:79:19-58
	android:name
		ADDED from src\main\AndroidManifest.xml:75:19-60
	android:writePermission
		ADDED from src\main\AndroidManifest.xml:81:19-99
path-permission
ADDED from src\main\AndroidManifest.xml:82:13-83:81
	android:readPermission
		ADDED from src\main\AndroidManifest.xml:83:21-78
	android:path
		ADDED from src\main\AndroidManifest.xml:82:30-76
activity#com.android.browser.BrowserActivity
ADDED from src\main\AndroidManifest.xml:85:9-161:20
	android:label
		ADDED from src\main\AndroidManifest.xml:86:19-59
	android:launchMode
		ADDED from src\main\AndroidManifest.xml:87:19-50
	android:windowSoftInputMode
		ADDED from src\main\AndroidManifest.xml:91:19-61
	android:configChanges
		ADDED from src\main\AndroidManifest.xml:89:19-96
	android:alwaysRetainTaskState
		ADDED from src\main\AndroidManifest.xml:88:19-55
	android:theme
		ADDED from src\main\AndroidManifest.xml:90:19-54
	android:name
		ADDED from src\main\AndroidManifest.xml:85:19-49
intent-filter#android.intent.category.DEFAULT+android.speech.action.VOICE_SEARCH_RESULTS
ADDED from src\main\AndroidManifest.xml:92:13-95:29
action#android.speech.action.VOICE_SEARCH_RESULTS
ADDED from src\main\AndroidManifest.xml:93:17-85
	android:name
		ADDED from src\main\AndroidManifest.xml:93:25-82
category#android.intent.category.DEFAULT
ADDED from src\main\AndroidManifest.xml:94:17-76
	android:name
		ADDED from src\main\AndroidManifest.xml:94:27-73
intent-filter#android.intent.action.VIEW+android.intent.category.BROWSABLE+android.intent.category.DEFAULT
ADDED from src\main\AndroidManifest.xml:98:13-105:29
action#android.intent.action.VIEW
ADDED from src\main\AndroidManifest.xml:99:17-69
	android:name
		ADDED from src\main\AndroidManifest.xml:99:25-66
category#android.intent.category.BROWSABLE
ADDED from src\main\AndroidManifest.xml:101:17-78
	android:name
		ADDED from src\main\AndroidManifest.xml:101:27-75
data
ADDED from src\main\AndroidManifest.xml:102:17-47
	android:scheme
		ADDED from src\main\AndroidManifest.xml:102:23-44
intent-filter#android.intent.category.DEFAULT+android.nfc.action.NDEF_DISCOVERED
ADDED from src\main\AndroidManifest.xml:120:13-125:29
	android:priority
		ADDED from src\main\AndroidManifest.xml:120:28-51
action#android.nfc.action.NDEF_DISCOVERED
ADDED from src\main\AndroidManifest.xml:121:17-77
	android:name
		ADDED from src\main\AndroidManifest.xml:121:25-74
intent-filter#android.intent.action.MAIN+android.intent.category.APP_BROWSER+android.intent.category.BROWSABLE+android.intent.category.DEFAULT+android.intent.category.LAUNCHER+android.intent.category.LEANBACK_LAUNCHER
ADDED from src\main\AndroidManifest.xml:127:13-134:29
action#android.intent.action.MAIN
ADDED from src\main\AndroidManifest.xml:128:17-69
	android:name
		ADDED from src\main\AndroidManifest.xml:128:25-66
category#android.intent.category.LAUNCHER
ADDED from src\main\AndroidManifest.xml:130:17-77
	android:name
		ADDED from src\main\AndroidManifest.xml:130:27-74
category#android.intent.category.LEANBACK_LAUNCHER
ADDED from src\main\AndroidManifest.xml:131:17-86
	android:name
		ADDED from src\main\AndroidManifest.xml:131:27-83
category#android.intent.category.APP_BROWSER
ADDED from src\main\AndroidManifest.xml:133:17-80
	android:name
		ADDED from src\main\AndroidManifest.xml:133:27-77
intent-filter#android.intent.action.WEB_SEARCH+android.intent.category.BROWSABLE+android.intent.category.DEFAULT
ADDED from src\main\AndroidManifest.xml:143:13-150:29
action#android.intent.action.WEB_SEARCH
ADDED from src\main\AndroidManifest.xml:144:17-75
	android:name
		ADDED from src\main\AndroidManifest.xml:144:25-72
intent-filter#android.intent.action.MEDIA_SEARCH+android.intent.category.DEFAULT
ADDED from src\main\AndroidManifest.xml:151:13-154:29
action#android.intent.action.MEDIA_SEARCH
ADDED from src\main\AndroidManifest.xml:152:17-77
	android:name
		ADDED from src\main\AndroidManifest.xml:152:25-74
intent-filter#android.intent.action.SEARCH+android.intent.category.DEFAULT
ADDED from src\main\AndroidManifest.xml:155:13-158:29
action#android.intent.action.SEARCH
ADDED from src\main\AndroidManifest.xml:156:17-71
	android:name
		ADDED from src\main\AndroidManifest.xml:156:25-68
meta-data#android.app.searchable
ADDED from src\main\AndroidManifest.xml:159:13-160:58
	android:resource
		ADDED from src\main\AndroidManifest.xml:160:21-55
	android:name
		ADDED from src\main\AndroidManifest.xml:159:24-61
activity#com.android.browser.ShortcutActivity
ADDED from src\main\AndroidManifest.xml:163:9-172:20
	android:label
		ADDED from src\main\AndroidManifest.xml:165:13-54
	android:icon
		ADDED from src\main\AndroidManifest.xml:166:13-73
	android:theme
		ADDED from src\main\AndroidManifest.xml:164:13-52
	android:name
		ADDED from src\main\AndroidManifest.xml:163:19-50
intent-filter#android.intent.action.CREATE_SHORTCUT+android.intent.category.DEFAULT
ADDED from src\main\AndroidManifest.xml:167:13-170:29
action#android.intent.action.CREATE_SHORTCUT
ADDED from src\main\AndroidManifest.xml:168:17-80
	android:name
		ADDED from src\main\AndroidManifest.xml:168:25-77
activity#com.android.browser.BrowserPreferencesPage
ADDED from src\main\AndroidManifest.xml:174:9-181:20
	android:label
		ADDED from src\main\AndroidManifest.xml:175:19-59
	android:theme
		ADDED from src\main\AndroidManifest.xml:176:19-58
	android:name
		ADDED from src\main\AndroidManifest.xml:174:19-56
intent-filter#android.intent.action.MANAGE_NETWORK_USAGE+android.intent.category.DEFAULT
ADDED from src\main\AndroidManifest.xml:177:13-180:29
action#android.intent.action.MANAGE_NETWORK_USAGE
ADDED from src\main\AndroidManifest.xml:178:16-84
	android:name
		ADDED from src\main\AndroidManifest.xml:178:24-81
activity#com.android.browser.BookmarkSearch
ADDED from src\main\AndroidManifest.xml:183:9-194:20
	android:label
		ADDED from src\main\AndroidManifest.xml:184:19-59
	android:stateNotNeeded
		ADDED from src\main\AndroidManifest.xml:185:19-48
	android:excludeFromRecents
		ADDED from src\main\AndroidManifest.xml:187:19-52
	android:theme
		ADDED from src\main\AndroidManifest.xml:186:19-58
	android:name
		ADDED from src\main\AndroidManifest.xml:183:19-48
activity#com.android.browser.AddBookmarkPage
ADDED from src\main\AndroidManifest.xml:196:9-206:20
	android:label
		ADDED from src\main\AndroidManifest.xml:197:19-61
	android:windowSoftInputMode
		ADDED from src\main\AndroidManifest.xml:200:19-61
	android:configChanges
		ADDED from src\main\AndroidManifest.xml:199:19-80
	android:theme
		ADDED from src\main\AndroidManifest.xml:198:19-58
	android:name
		ADDED from src\main\AndroidManifest.xml:196:19-49
intent-filter#android.intent.action.INSERT+android.intent.category.DEFAULT
ADDED from src\main\AndroidManifest.xml:201:13-205:29
action#android.intent.action.INSERT
ADDED from src\main\AndroidManifest.xml:202:17-71
	android:name
		ADDED from src\main\AndroidManifest.xml:202:25-68
activity#com.android.browser.ComboViewActivity
ADDED from src\main\AndroidManifest.xml:208:9-210:20
	android:theme
		ADDED from src\main\AndroidManifest.xml:209:19-58
	android:name
		ADDED from src\main\AndroidManifest.xml:208:19-51
receiver#com.android.browser.widget.BookmarkThumbnailWidgetProvider
ADDED from src\main\AndroidManifest.xml:213:9-225:20
	android:label
		ADDED from src\main\AndroidManifest.xml:215:13-46
	android:name
		ADDED from src\main\AndroidManifest.xml:214:13-67
intent-filter#android.appwidget.action.APPWIDGET_UPDATE+com.android.browser.BOOKMARK_APPWIDGET_UPDATE
ADDED from src\main\AndroidManifest.xml:216:13-221:29
action#android.appwidget.action.APPWIDGET_UPDATE
ADDED from src\main\AndroidManifest.xml:217:17-218:80
	android:name
		ADDED from src\main\AndroidManifest.xml:218:21-77
action#com.android.browser.BOOKMARK_APPWIDGET_UPDATE
ADDED from src\main\AndroidManifest.xml:219:17-220:84
	android:name
		ADDED from src\main\AndroidManifest.xml:220:21-81
meta-data#android.appwidget.provider
ADDED from src\main\AndroidManifest.xml:222:13-224:72
	android:resource
		ADDED from src\main\AndroidManifest.xml:224:17-69
	android:name
		ADDED from src\main\AndroidManifest.xml:223:17-58
service#com.android.browser.widget.BookmarkThumbnailWidgetService
ADDED from src\main\AndroidManifest.xml:226:9-229:40
	android:exported
		ADDED from src\main\AndroidManifest.xml:229:13-37
	android:permission
		ADDED from src\main\AndroidManifest.xml:228:13-69
	android:name
		ADDED from src\main\AndroidManifest.xml:227:13-66
receiver#com.android.browser.widget.BookmarkWidgetProxy
ADDED from src\main\AndroidManifest.xml:230:9-232:40
	android:exported
		ADDED from src\main\AndroidManifest.xml:232:13-37
	android:name
		ADDED from src\main\AndroidManifest.xml:231:13-55
activity#com.android.browser.widget.BookmarkWidgetConfigure
ADDED from src\main\AndroidManifest.xml:233:9-238:20
	android:theme
		ADDED from src\main\AndroidManifest.xml:234:13-74
	android:name
		ADDED from src\main\AndroidManifest.xml:233:19-65
intent-filter#android.appwidget.action.APPWIDGET_CONFIGURE
ADDED from src\main\AndroidManifest.xml:235:13-237:29
action#android.appwidget.action.APPWIDGET_CONFIGURE
ADDED from src\main\AndroidManifest.xml:236:17-86
	android:name
		ADDED from src\main\AndroidManifest.xml:236:25-84
meta-data#android.app.default_searchable
ADDED from src\main\AndroidManifest.xml:241:9-101
	android:value
		ADDED from src\main\AndroidManifest.xml:241:66-98
	android:name
		ADDED from src\main\AndroidManifest.xml:241:20-65
meta-data#com.google.android.partnersetup.RLZ_ACCESS_POINT
ADDED from src\main\AndroidManifest.xml:248:9-249:63
	android:value
		ADDED from src\main\AndroidManifest.xml:249:20-60
	android:name
		ADDED from src\main\AndroidManifest.xml:248:20-83
receiver#com.android.browser.OpenDownloadReceiver
ADDED from src\main\AndroidManifest.xml:251:9-255:20
	android:name
		ADDED from src\main\AndroidManifest.xml:251:19-55
intent-filter#android.intent.action.DOWNLOAD_NOTIFICATION_CLICKED
ADDED from src\main\AndroidManifest.xml:252:13-254:29
action#android.intent.action.DOWNLOAD_NOTIFICATION_CLICKED
ADDED from src\main\AndroidManifest.xml:253:17-93
	android:name
		ADDED from src\main\AndroidManifest.xml:253:25-91
provider#com.android.browser.homepages.HomeProvider
ADDED from src\main\AndroidManifest.xml:258:9-262:40
	android:readPermission
		ADDED from src\main\AndroidManifest.xml:261:13-91
	android:authorities
		ADDED from src\main\AndroidManifest.xml:260:13-65
	android:exported
		ADDED from src\main\AndroidManifest.xml:262:13-37
	android:name
		ADDED from src\main\AndroidManifest.xml:259:13-51
receiver#com.android.browser.AccountsChangedReceiver
ADDED from src\main\AndroidManifest.xml:264:9-268:20
	android:name
		ADDED from src\main\AndroidManifest.xml:264:19-58
intent-filter#android.accounts.LOGIN_ACCOUNTS_CHANGED
ADDED from src\main\AndroidManifest.xml:265:13-267:29
action#android.accounts.LOGIN_ACCOUNTS_CHANGED
ADDED from src\main\AndroidManifest.xml:266:17-82
	android:name
		ADDED from src\main\AndroidManifest.xml:266:25-79
receiver#com.android.browser.PreloadRequestReceiver
ADDED from src\main\AndroidManifest.xml:270:9-276:21
	android:permission
		ADDED from src\main\AndroidManifest.xml:271:14-73
	android:name
		ADDED from src\main\AndroidManifest.xml:270:19-57
intent-filter#android.intent.action.PRELOAD
ADDED from src\main\AndroidManifest.xml:272:14-275:30
action#android.intent.action.PRELOAD
ADDED from src\main\AndroidManifest.xml:273:18-72
	android:name
		ADDED from src\main\AndroidManifest.xml:273:26-70
provider#com.android.browser.provider.SnapshotProvider
ADDED from src\main\AndroidManifest.xml:278:9-280:46
	android:authorities
		ADDED from src\main\AndroidManifest.xml:279:19-76
	android:exported
		ADDED from src\main\AndroidManifest.xml:280:19-43
	android:name
		ADDED from src\main\AndroidManifest.xml:278:19-60
provider#android.support.v4.content.FileProvider
ADDED from src\main\AndroidManifest.xml:282:9-289:20
	android:authorities
		ADDED from src\main\AndroidManifest.xml:283:19-79
	android:grantUriPermissions
		ADDED from src\main\AndroidManifest.xml:285:19-53
	android:exported
		ADDED from src\main\AndroidManifest.xml:284:19-43
	android:name
		ADDED from src\main\AndroidManifest.xml:282:19-73
meta-data#android.support.FILE_PROVIDER_PATHS
ADDED from src\main\AndroidManifest.xml:286:14-288:55
	android:resource
		ADDED from src\main\AndroidManifest.xml:288:18-52
	android:name
		ADDED from src\main\AndroidManifest.xml:287:18-68